[24-Apr-2023 20:15:22 UTC] PHP Parse error:  syntax error, unexpected token "*" in /Users/husseinsmac/Local Sites/fictional-university/app/public/experiment.php on line 4
[26-Apr-2023 23:57:13 UTC] PHP Warning:  An unexpected error occurred. Something may be wrong with WordPress.org or this server&#8217;s configuration. If you continue to have problems, please try the <a href="https://wordpress.org/support/forums/">support forums</a>. (WordPress could not establish a secure connection to WordPress.org. Please contact your server administrator.) in /Users/husseinsmac/Local Sites/fictional-university/app/public/wp-includes/update.php on line 209
[26-Apr-2023 23:57:13 UTC] PHP Warning:  An unexpected error occurred. Something may be wrong with WordPress.org or this server&#8217;s configuration. If you continue to have problems, please try the <a href="https://wordpress.org/support/forums/">support forums</a>. (WordPress could not establish a secure connection to WordPress.org. Please contact your server administrator.) in /Users/husseinsmac/Local Sites/fictional-university/app/public/wp-includes/update.php on line 447
[26-Apr-2023 23:57:13 UTC] PHP Warning:  An unexpected error occurred. Something may be wrong with WordPress.org or this server&#8217;s configuration. If you continue to have problems, please try the <a href="https://wordpress.org/support/forums/">support forums</a>. (WordPress could not establish a secure connection to WordPress.org. Please contact your server administrator.) in /Users/husseinsmac/Local Sites/fictional-university/app/public/wp-includes/update.php on line 728
[05-May-2023 01:28:38 UTC] PHP Fatal error:  Uncaught Error: Call to undefined function get_them_file_uri() in /Users/husseinsmac/Local Sites/fictional-university/app/public/wp-content/themes/fictional-university-theme/functions.php:6
Stack trace:
#0 /Users/husseinsmac/Local Sites/fictional-university/app/public/wp-includes/class-wp-hook.php(308): university_files('')
#1 /Users/husseinsmac/Local Sites/fictional-university/app/public/wp-includes/class-wp-hook.php(332): WP_Hook->apply_filters(NULL, Array)
#2 /Users/husseinsmac/Local Sites/fictional-university/app/public/wp-includes/plugin.php(517): WP_Hook->do_action(Array)
#3 /Users/husseinsmac/Local Sites/fictional-university/app/public/wp-includes/script-loader.php(2194): do_action('wp_enqueue_scri...')
#4 /Users/husseinsmac/Local Sites/fictional-university/app/public/wp-includes/class-wp-hook.php(308): wp_enqueue_scripts('')
#5 /Users/husseinsmac/Local Sites/fictional-university/app/public/wp-includes/class-wp-hook.php(332): WP_Hook->apply_filters(NULL, Array)
#6 /Users/husseinsmac/Local Sites/fictional-university/app/public/wp-includes/plugin.php(517): WP_Hook->do_action(Array)
#7 /Users/husseinsmac/Local Sites/fictional-university/app/public/wp-includes/general-template.php(3049): do_action('wp_head')
#8 /Users/husseinsmac/Local Sites/fictional-university/app/public/wp-content/themes/fictional-university-theme/header.php(4): wp_head()
#9 /Users/husseinsmac/Local Sites/fictional-university/app/public/wp-includes/template.php(783): require_once('/Users/husseins...')
#10 /Users/husseinsmac/Local Sites/fictional-university/app/public/wp-includes/template.php(718): load_template('/Users/husseins...', true, Array)
#11 /Users/husseinsmac/Local Sites/fictional-university/app/public/wp-includes/general-template.php(48): locate_template(Array, true, true, Array)
#12 /Users/husseinsmac/Local Sites/fictional-university/app/public/wp-content/themes/fictional-university-theme/index.php(2): get_header()
#13 /Users/husseinsmac/Local Sites/fictional-university/app/public/wp-includes/template-loader.php(106): include('/Users/husseins...')
#14 /Users/husseinsmac/Local Sites/fictional-university/app/public/wp-blog-header.php(19): require_once('/Users/husseins...')
#15 /Users/husseinsmac/Local Sites/fictional-university/app/public/index.php(17): require('/Users/husseins...')
#16 {main}
  thrown in /Users/husseinsmac/Local Sites/fictional-university/app/public/wp-content/themes/fictional-university-theme/functions.php on line 6
[06-May-2023 16:29:00 UTC] Cron reschedule event error for hook: wp_privacy_delete_old_export_files, Error code: could_not_set, Error message: The cron event list could not be saved., Data: {"schedule":"hourly","args":[],"interval":3600}
[06-May-2023 17:13:41 UTC] PHP Fatal error:  Uncaught Error: Call to undefined function the_posts() in /Users/husseinsmac/Local Sites/fictional-university/app/public/wp-content/themes/fictional-university-theme/index.php:17
Stack trace:
#0 /Users/husseinsmac/Local Sites/fictional-university/app/public/wp-includes/template-loader.php(106): include()
#1 /Users/husseinsmac/Local Sites/fictional-university/app/public/wp-blog-header.php(19): require_once('/Users/husseins...')
#2 /Users/husseinsmac/Local Sites/fictional-university/app/public/index.php(17): require('/Users/husseins...')
#3 {main}
  thrown in /Users/husseinsmac/Local Sites/fictional-university/app/public/wp-content/themes/fictional-university-theme/index.php on line 17
[07-May-2023 16:12:18 UTC] PHP Fatal error:  Cannot redeclare university_post_types() (previously declared in /Users/husseinsmac/Local Sites/fictional-university/app/public/wp-content/mu-plugins/university-post-types.php:3) in /Users/husseinsmac/Local Sites/fictional-university/app/public/wp-content/themes/fictional-university-theme/functions.php on line 29
[07-May-2023 16:12:18 UTC] PHP Warning:  Trying to access array offset on value of type bool in /Users/husseinsmac/Local Sites/fictional-university/app/public/wp-includes/class-wp-recovery-mode-email-service.php on line 367
[07-May-2023 16:12:18 UTC] PHP Warning:  Trying to access array offset on value of type bool in /Users/husseinsmac/Local Sites/fictional-university/app/public/wp-includes/class-wp-recovery-mode-email-service.php on line 368
[07-May-2023 16:12:20 UTC] PHP Fatal error:  Cannot redeclare university_post_types() (previously declared in /Users/husseinsmac/Local Sites/fictional-university/app/public/wp-content/mu-plugins/university-post-types.php:3) in /Users/husseinsmac/Local Sites/fictional-university/app/public/wp-content/themes/fictional-university-theme/functions.php on line 29
[07-May-2023 16:12:21 UTC] PHP Fatal error:  Cannot redeclare university_post_types() (previously declared in /Users/husseinsmac/Local Sites/fictional-university/app/public/wp-content/mu-plugins/university-post-types.php:3) in /Users/husseinsmac/Local Sites/fictional-university/app/public/wp-content/themes/fictional-university-theme/functions.php on line 29
[07-May-2023 16:12:58 UTC] PHP Fatal error:  Cannot redeclare university_post_types() (previously declared in /Users/husseinsmac/Local Sites/fictional-university/app/public/wp-content/mu-plugins/university-post-types.php:3) in /Users/husseinsmac/Local Sites/fictional-university/app/public/wp-content/themes/fictional-university-theme/functions.php on line 29
[07-May-2023 16:12:58 UTC] PHP Fatal error:  Cannot redeclare university_post_types() (previously declared in /Users/husseinsmac/Local Sites/fictional-university/app/public/wp-content/mu-plugins/university-post-types.php:3) in /Users/husseinsmac/Local Sites/fictional-university/app/public/wp-content/themes/fictional-university-theme/functions.php on line 29
[07-May-2023 16:13:01 UTC] PHP Fatal error:  Cannot redeclare university_post_types() (previously declared in /Users/husseinsmac/Local Sites/fictional-university/app/public/wp-content/mu-plugins/university-post-types.php:3) in /Users/husseinsmac/Local Sites/fictional-university/app/public/wp-content/themes/fictional-university-theme/functions.php on line 29
[07-May-2023 16:13:01 UTC] PHP Fatal error:  Cannot redeclare university_post_types() (previously declared in /Users/husseinsmac/Local Sites/fictional-university/app/public/wp-content/mu-plugins/university-post-types.php:3) in /Users/husseinsmac/Local Sites/fictional-university/app/public/wp-content/themes/fictional-university-theme/functions.php on line 29
[07-May-2023 16:13:07 UTC] PHP Fatal error:  Cannot redeclare university_post_types() (previously declared in /Users/husseinsmac/Local Sites/fictional-university/app/public/wp-content/mu-plugins/university-post-types.php:3) in /Users/husseinsmac/Local Sites/fictional-university/app/public/wp-content/themes/fictional-university-theme/functions.php on line 29
[07-May-2023 16:13:07 UTC] PHP Fatal error:  Cannot redeclare university_post_types() (previously declared in /Users/husseinsmac/Local Sites/fictional-university/app/public/wp-content/mu-plugins/university-post-types.php:3) in /Users/husseinsmac/Local Sites/fictional-university/app/public/wp-content/themes/fictional-university-theme/functions.php on line 29
[07-May-2023 16:13:08 UTC] PHP Fatal error:  Cannot redeclare university_post_types() (previously declared in /Users/husseinsmac/Local Sites/fictional-university/app/public/wp-content/mu-plugins/university-post-types.php:3) in /Users/husseinsmac/Local Sites/fictional-university/app/public/wp-content/themes/fictional-university-theme/functions.php on line 29
[07-May-2023 16:13:08 UTC] PHP Fatal error:  Cannot redeclare university_post_types() (previously declared in /Users/husseinsmac/Local Sites/fictional-university/app/public/wp-content/mu-plugins/university-post-types.php:3) in /Users/husseinsmac/Local Sites/fictional-university/app/public/wp-content/themes/fictional-university-theme/functions.php on line 29
[07-May-2023 16:13:09 UTC] PHP Fatal error:  Cannot redeclare university_post_types() (previously declared in /Users/husseinsmac/Local Sites/fictional-university/app/public/wp-content/mu-plugins/university-post-types.php:3) in /Users/husseinsmac/Local Sites/fictional-university/app/public/wp-content/themes/fictional-university-theme/functions.php on line 29
[07-May-2023 16:13:09 UTC] PHP Fatal error:  Cannot redeclare university_post_types() (previously declared in /Users/husseinsmac/Local Sites/fictional-university/app/public/wp-content/mu-plugins/university-post-types.php:3) in /Users/husseinsmac/Local Sites/fictional-university/app/public/wp-content/themes/fictional-university-theme/functions.php on line 29
[07-May-2023 17:04:24 UTC] PHP Fatal error:  Uncaught Error: Call to undefined function get_post_type_acrchive_link() in /Users/husseinsmac/Local Sites/fictional-university/app/public/wp-content/themes/fictional-university-theme/single-event.php:18
Stack trace:
#0 /Users/husseinsmac/Local Sites/fictional-university/app/public/wp-includes/template-loader.php(106): include()
#1 /Users/husseinsmac/Local Sites/fictional-university/app/public/wp-blog-header.php(19): require_once('/Users/husseins...')
#2 /Users/husseinsmac/Local Sites/fictional-university/app/public/index.php(17): require('/Users/husseins...')
#3 {main}
  thrown in /Users/husseinsmac/Local Sites/fictional-university/app/public/wp-content/themes/fictional-university-theme/single-event.php on line 18
[07-May-2023 17:04:39 UTC] PHP Fatal error:  Uncaught Error: Call to undefined function get_post_type_acrchive_link() in /Users/husseinsmac/Local Sites/fictional-university/app/public/wp-content/themes/fictional-university-theme/single-event.php:18
Stack trace:
#0 /Users/husseinsmac/Local Sites/fictional-university/app/public/wp-includes/template-loader.php(106): include()
#1 /Users/husseinsmac/Local Sites/fictional-university/app/public/wp-blog-header.php(19): require_once('/Users/husseins...')
#2 /Users/husseinsmac/Local Sites/fictional-university/app/public/index.php(17): require('/Users/husseins...')
#3 {main}
  thrown in /Users/husseinsmac/Local Sites/fictional-university/app/public/wp-content/themes/fictional-university-theme/single-event.php on line 18
[07-May-2023 17:05:14 UTC] PHP Fatal error:  Uncaught Error: Call to undefined function get_post_type_acrchive_link() in /Users/husseinsmac/Local Sites/fictional-university/app/public/wp-content/themes/fictional-university-theme/single-event.php:18
Stack trace:
#0 /Users/husseinsmac/Local Sites/fictional-university/app/public/wp-includes/template-loader.php(106): include()
#1 /Users/husseinsmac/Local Sites/fictional-university/app/public/wp-blog-header.php(19): require_once('/Users/husseins...')
#2 /Users/husseinsmac/Local Sites/fictional-university/app/public/index.php(17): require('/Users/husseins...')
#3 {main}
  thrown in /Users/husseinsmac/Local Sites/fictional-university/app/public/wp-content/themes/fictional-university-theme/single-event.php on line 18
[08-May-2023 19:41:09 UTC] PHP Parse error:  syntax error, unexpected token "}" in /Users/husseinsmac/Local Sites/fictional-university/app/public/wp-content/themes/fictional-university-theme/functions.php on line 32
[08-May-2023 19:41:09 UTC] PHP Parse error:  syntax error, unexpected token "}" in /Users/husseinsmac/Local Sites/fictional-university/app/public/wp-content/themes/fictional-university-theme/functions.php on line 32
[09-May-2023 19:34:06 UTC] PHP Parse error:  syntax error, unexpected token "<" in /Users/husseinsmac/Local Sites/fictional-university/app/public/wp-content/themes/fictional-university-theme/single-event.php on line 33
[09-May-2023 19:34:51 UTC] PHP Fatal error:  Uncaught Error: Call to undefined function get_the_tiitle() in /Users/husseinsmac/Local Sites/fictional-university/app/public/wp-content/themes/fictional-university-theme/single-event.php:29
Stack trace:
#0 /Users/husseinsmac/Local Sites/fictional-university/app/public/wp-includes/template-loader.php(106): include()
#1 /Users/husseinsmac/Local Sites/fictional-university/app/public/wp-blog-header.php(19): require_once('/Users/husseins...')
#2 /Users/husseinsmac/Local Sites/fictional-university/app/public/index.php(17): require('/Users/husseins...')
#3 {main}
  thrown in /Users/husseinsmac/Local Sites/fictional-university/app/public/wp-content/themes/fictional-university-theme/single-event.php on line 29
[09-May-2023 19:36:54 UTC] PHP Parse error:  syntax error, unexpected token ";" in /Users/husseinsmac/Local Sites/fictional-university/app/public/wp-content/themes/fictional-university-theme/single-event.php on line 28
[09-May-2023 19:40:12 UTC] PHP Parse error:  Unclosed '{' on line 3 in /Users/husseinsmac/Local Sites/fictional-university/app/public/wp-content/themes/fictional-university-theme/single-event.php on line 51
[10-May-2023 20:53:04 UTC] PHP Warning:  An unexpected error occurred. Something may be wrong with WordPress.org or this server&#8217;s configuration. If you continue to have problems, please try the <a href="https://wordpress.org/support/forums/">support forums</a>. (WordPress could not establish a secure connection to WordPress.org. Please contact your server administrator.) in /Users/husseinsmac/Local Sites/fictional-university/app/public/wp-includes/update.php on line 209
[10-May-2023 20:53:04 UTC] PHP Warning:  An unexpected error occurred. Something may be wrong with WordPress.org or this server&#8217;s configuration. If you continue to have problems, please try the <a href="https://wordpress.org/support/forums/">support forums</a>. (WordPress could not establish a secure connection to WordPress.org. Please contact your server administrator.) in /Users/husseinsmac/Local Sites/fictional-university/app/public/wp-includes/update.php on line 447
[10-May-2023 20:53:04 UTC] PHP Warning:  An unexpected error occurred. Something may be wrong with WordPress.org or this server&#8217;s configuration. If you continue to have problems, please try the <a href="https://wordpress.org/support/forums/">support forums</a>. (WordPress could not establish a secure connection to WordPress.org. Please contact your server administrator.) in /Users/husseinsmac/Local Sites/fictional-university/app/public/wp-includes/update.php on line 728
[10-May-2023 21:22:18 UTC] PHP Fatal error:  Uncaught TypeError: call_user_func_array(): Argument #1 ($callback) must be a valid callback, function "dashicons-welcoome-learn-more" not found or invalid function name in /Users/husseinsmac/Local Sites/fictional-university/app/public/wp-includes/class-wp-hook.php:308
Stack trace:
#0 /Users/husseinsmac/Local Sites/fictional-university/app/public/wp-includes/class-wp-hook.php(332): WP_Hook->apply_filters(NULL, Array)
#1 /Users/husseinsmac/Local Sites/fictional-university/app/public/wp-includes/plugin.php(517): WP_Hook->do_action(Array)
#2 /Users/husseinsmac/Local Sites/fictional-university/app/public/wp-settings.php(623): do_action('init')
#3 /Users/husseinsmac/Local Sites/fictional-university/app/public/wp-config.php(93): require_once('/Users/husseins...')
#4 /Users/husseinsmac/Local Sites/fictional-university/app/public/wp-load.php(50): require_once('/Users/husseins...')
#5 /Users/husseinsmac/Local Sites/fictional-university/app/public/wp-admin/admin-ajax.php(22): require_once('/Users/husseins...')
#6 {main}
  thrown in /Users/husseinsmac/Local Sites/fictional-university/app/public/wp-includes/class-wp-hook.php on line 308
[10-May-2023 22:19:51 UTC] PHP Fatal error:  Uncaught Error: Call to undefined function the_post_content() in /Users/husseinsmac/Local Sites/fictional-university/app/public/wp-content/themes/fictional-university-theme/single-professor.php:23
Stack trace:
#0 /Users/husseinsmac/Local Sites/fictional-university/app/public/wp-includes/template-loader.php(106): include()
#1 /Users/husseinsmac/Local Sites/fictional-university/app/public/wp-blog-header.php(19): require_once('/Users/husseins...')
#2 /Users/husseinsmac/Local Sites/fictional-university/app/public/index.php(17): require('/Users/husseins...')
#3 {main}
  thrown in /Users/husseinsmac/Local Sites/fictional-university/app/public/wp-content/themes/fictional-university-theme/single-professor.php on line 23
[10-May-2023 23:28:41 UTC] PHP Fatal error:  Uncaught ArgumentCountError: Too few arguments to function add_image_size(), 0 passed in /Users/husseinsmac/Local Sites/fictional-university/app/public/wp-content/themes/fictional-university-theme/functions.php on line 26 and at least 1 expected in /Users/husseinsmac/Local Sites/fictional-university/app/public/wp-includes/media.php:291
Stack trace:
#0 /Users/husseinsmac/Local Sites/fictional-university/app/public/wp-content/themes/fictional-university-theme/functions.php(26): add_image_size()
#1 /Users/husseinsmac/Local Sites/fictional-university/app/public/wp-includes/class-wp-hook.php(308): university_features('')
#2 /Users/husseinsmac/Local Sites/fictional-university/app/public/wp-includes/class-wp-hook.php(332): WP_Hook->apply_filters(NULL, Array)
#3 /Users/husseinsmac/Local Sites/fictional-university/app/public/wp-includes/plugin.php(517): WP_Hook->do_action(Array)
#4 /Users/husseinsmac/Local Sites/fictional-university/app/public/wp-settings.php(601): do_action('after_setup_the...')
#5 /Users/husseinsmac/Local Sites/fictional-university/app/public/wp-config.php(93): require_once('/Users/husseins...')
#6 /Users/husseinsmac/Local Sites/fictional-university/app/public/wp-load.php(50): require_once('/Users/husseins...')
#7 /Users/husseinsmac/Local Sites/fictional-university/app/public/wp-admin/admin-ajax.php(22): require_once('/Users/husseins...')
#8 {main}
  thrown in /Users/husseinsmac/Local Sites/fictional-university/app/public/wp-includes/media.php on line 291
[10-May-2023 23:41:00 UTC] PHP Warning:  Undefined array key "size" in /Users/husseinsmac/Local Sites/fictional-university/app/public/wp-content/plugins/manual-image-crop/lib/ManualImageCropEditorWindow.php on line 39
[10-May-2023 23:42:32 UTC] PHP Warning:  Undefined array key "size" in /Users/husseinsmac/Local Sites/fictional-university/app/public/wp-content/plugins/manual-image-crop/lib/ManualImageCropEditorWindow.php on line 39
[17-May-2023 22:22:30 UTC] PHP Warning:  Undefined array key "subtiitle" in /Users/husseinsmac/Local Sites/fictional-university/app/public/wp-content/themes/fictional-university-theme/functions.php on line 17
[17-May-2023 22:23:05 UTC] PHP Warning:  Undefined array key "subtitle" in /Users/husseinsmac/Local Sites/fictional-university/app/public/wp-content/themes/fictional-university-theme/functions.php on line 8
[17-May-2023 22:35:00 UTC] PHP Parse error:  syntax error, unexpected token "}" in /Users/husseinsmac/Local Sites/fictional-university/app/public/wp-content/themes/fictional-university-theme/functions.php on line 16
[17-May-2023 22:35:00 UTC] PHP Parse error:  syntax error, unexpected token "}" in /Users/husseinsmac/Local Sites/fictional-university/app/public/wp-content/themes/fictional-university-theme/functions.php on line 16
[17-May-2023 22:35:32 UTC] PHP Warning:  Undefined array key "photo" in /Users/husseinsmac/Local Sites/fictional-university/app/public/wp-content/themes/fictional-university-theme/functions.php on line 11
[17-May-2023 22:41:24 UTC] PHP Fatal error:  Uncaught Error: Undefined constant "adcjansasnc" in /Users/husseinsmac/Local Sites/fictional-university/app/public/wp-content/themes/fictional-university-theme/functions.php:4
Stack trace:
#0 /Users/husseinsmac/Local Sites/fictional-university/app/public/wp-content/themes/fictional-university-theme/page.php(6): pageBanner(Array)
#1 /Users/husseinsmac/Local Sites/fictional-university/app/public/wp-includes/template-loader.php(106): include('/Users/husseins...')
#2 /Users/husseinsmac/Local Sites/fictional-university/app/public/wp-blog-header.php(19): require_once('/Users/husseins...')
#3 /Users/husseinsmac/Local Sites/fictional-university/app/public/index.php(17): require('/Users/husseins...')
#4 {main}
  thrown in /Users/husseinsmac/Local Sites/fictional-university/app/public/wp-content/themes/fictional-university-theme/functions.php on line 4
[17-May-2023 22:42:31 UTC] PHP Warning:  Undefined array key "photo" in /Users/husseinsmac/Local Sites/fictional-university/app/public/wp-content/themes/fictional-university-theme/functions.php on line 12
[17-May-2023 22:43:09 UTC] PHP Warning:  Undefined array key "photo" in /Users/husseinsmac/Local Sites/fictional-university/app/public/wp-content/themes/fictional-university-theme/functions.php on line 12
[17-May-2023 22:44:09 UTC] PHP Warning:  Trying to access array offset on value of type null in /Users/husseinsmac/Local Sites/fictional-university/app/public/wp-content/themes/fictional-university-theme/functions.php on line 6
[17-May-2023 22:44:09 UTC] PHP Warning:  Undefined array key "subtitle" in /Users/husseinsmac/Local Sites/fictional-university/app/public/wp-content/themes/fictional-university-theme/functions.php on line 9
[17-May-2023 22:44:09 UTC] PHP Warning:  Undefined array key "photo" in /Users/husseinsmac/Local Sites/fictional-university/app/public/wp-content/themes/fictional-university-theme/functions.php on line 12
[17-May-2023 23:03:53 UTC] PHP Parse error:  syntax error, unexpected identifier "pageBanner" in /Users/husseinsmac/Local Sites/fictional-university/app/public/wp-content/themes/fictional-university-theme/single-event.php on line 5
[17-May-2023 23:04:54 UTC] PHP Parse error:  syntax error, unexpected identifier "pageBanner" in /Users/husseinsmac/Local Sites/fictional-university/app/public/wp-content/themes/fictional-university-theme/single-event.php on line 5
[17-May-2023 23:05:41 UTC] PHP Parse error:  syntax error, unexpected identifier "pageBanner" in /Users/husseinsmac/Local Sites/fictional-university/app/public/wp-content/themes/fictional-university-theme/single-event.php on line 5
[18-May-2023 17:30:26 UTC] PHP Fatal error:  Uncaught Error: Call to undefined function get_templatee_part() in /Users/husseinsmac/Local Sites/fictional-university/app/public/wp-content/themes/fictional-university-theme/front-page.php:39
Stack trace:
#0 /Users/husseinsmac/Local Sites/fictional-university/app/public/wp-includes/template-loader.php(106): include()
#1 /Users/husseinsmac/Local Sites/fictional-university/app/public/wp-blog-header.php(19): require_once('/Users/husseins...')
#2 /Users/husseinsmac/Local Sites/fictional-university/app/public/index.php(17): require('/Users/husseins...')
#3 {main}
  thrown in /Users/husseinsmac/Local Sites/fictional-university/app/public/wp-content/themes/fictional-university-theme/front-page.php on line 39
[18-May-2023 17:30:26 UTC] PHP Fatal error:  Uncaught Error: Call to undefined function get_templatee_part() in /Users/husseinsmac/Local Sites/fictional-university/app/public/wp-content/themes/fictional-university-theme/front-page.php:39
Stack trace:
#0 /Users/husseinsmac/Local Sites/fictional-university/app/public/wp-includes/template-loader.php(106): include()
#1 /Users/husseinsmac/Local Sites/fictional-university/app/public/wp-blog-header.php(19): require_once('/Users/husseins...')
#2 /Users/husseinsmac/Local Sites/fictional-university/app/public/index.php(17): require('/Users/husseins...')
#3 {main}
  thrown in /Users/husseinsmac/Local Sites/fictional-university/app/public/wp-content/themes/fictional-university-theme/front-page.php on line 39
[20-May-2023 22:34:10 UTC] PHP Fatal error:  Uncaught Error: Call to undefined function is_main_querry() in /Users/husseinsmac/Local Sites/fictional-university/app/public/wp-content/themes/fictional-university-theme/functions.php:68
Stack trace:
#0 /Users/husseinsmac/Local Sites/fictional-university/app/public/wp-includes/class-wp-hook.php(308): university_adjust_queries(Object(WP_Query))
#1 /Users/husseinsmac/Local Sites/fictional-university/app/public/wp-includes/class-wp-hook.php(332): WP_Hook->apply_filters('', Array)
#2 /Users/husseinsmac/Local Sites/fictional-university/app/public/wp-includes/plugin.php(565): WP_Hook->do_action(Array)
#3 /Users/husseinsmac/Local Sites/fictional-university/app/public/wp-includes/class-wp-query.php(1870): do_action_ref_array('pre_get_posts', Array)
#4 /Users/husseinsmac/Local Sites/fictional-university/app/public/wp-includes/class-wp-query.php(3787): WP_Query->get_posts()
#5 /Users/husseinsmac/Local Sites/fictional-university/app/public/wp-includes/class-wp.php(663): WP_Query->query(Array)
#6 /Users/husseinsmac/Local Sites/fictional-university/app/public/wp-includes/class-wp.php(783): WP->query_posts()
#7 /Users/husseinsmac/Local Sites/fictional-university/app/public/wp-includes/functions.php(1334): WP->main('')
#8 /Users/husseinsmac/Local Sites/fictional-university/app/public/wp-blog-header.php(16): wp()
#9 /Users/husseinsmac/Local Sites/fictional-university/app/public/index.php(17): require('/Users/husseins...')
#10 {main}
  thrown in /Users/husseinsmac/Local Sites/fictional-university/app/public/wp-content/themes/fictional-university-theme/functions.php on line 68
[20-May-2023 22:34:37 UTC] PHP Fatal error:  Uncaught Error: Call to undefined function is_main_querry() in /Users/husseinsmac/Local Sites/fictional-university/app/public/wp-content/themes/fictional-university-theme/functions.php:68
Stack trace:
#0 /Users/husseinsmac/Local Sites/fictional-university/app/public/wp-includes/class-wp-hook.php(308): university_adjust_queries(Object(WP_Query))
#1 /Users/husseinsmac/Local Sites/fictional-university/app/public/wp-includes/class-wp-hook.php(332): WP_Hook->apply_filters('', Array)
#2 /Users/husseinsmac/Local Sites/fictional-university/app/public/wp-includes/plugin.php(565): WP_Hook->do_action(Array)
#3 /Users/husseinsmac/Local Sites/fictional-university/app/public/wp-includes/class-wp-query.php(1870): do_action_ref_array('pre_get_posts', Array)
#4 /Users/husseinsmac/Local Sites/fictional-university/app/public/wp-includes/class-wp-query.php(3787): WP_Query->get_posts()
#5 /Users/husseinsmac/Local Sites/fictional-university/app/public/wp-includes/class-wp.php(663): WP_Query->query(Array)
#6 /Users/husseinsmac/Local Sites/fictional-university/app/public/wp-includes/class-wp.php(783): WP->query_posts()
#7 /Users/husseinsmac/Local Sites/fictional-university/app/public/wp-includes/functions.php(1334): WP->main('')
#8 /Users/husseinsmac/Local Sites/fictional-university/app/public/wp-blog-header.php(16): wp()
#9 /Users/husseinsmac/Local Sites/fictional-university/app/public/index.php(17): require('/Users/husseins...')
#10 {main}
  thrown in /Users/husseinsmac/Local Sites/fictional-university/app/public/wp-content/themes/fictional-university-theme/functions.php on line 68
[20-May-2023 22:34:38 UTC] PHP Fatal error:  Uncaught Error: Call to undefined function is_main_querry() in /Users/husseinsmac/Local Sites/fictional-university/app/public/wp-content/themes/fictional-university-theme/functions.php:68
Stack trace:
#0 /Users/husseinsmac/Local Sites/fictional-university/app/public/wp-includes/class-wp-hook.php(308): university_adjust_queries(Object(WP_Query))
#1 /Users/husseinsmac/Local Sites/fictional-university/app/public/wp-includes/class-wp-hook.php(332): WP_Hook->apply_filters('', Array)
#2 /Users/husseinsmac/Local Sites/fictional-university/app/public/wp-includes/plugin.php(565): WP_Hook->do_action(Array)
#3 /Users/husseinsmac/Local Sites/fictional-university/app/public/wp-includes/class-wp-query.php(1870): do_action_ref_array('pre_get_posts', Array)
#4 /Users/husseinsmac/Local Sites/fictional-university/app/public/wp-includes/class-wp-query.php(3787): WP_Query->get_posts()
#5 /Users/husseinsmac/Local Sites/fictional-university/app/public/wp-includes/class-wp.php(663): WP_Query->query(Array)
#6 /Users/husseinsmac/Local Sites/fictional-university/app/public/wp-includes/class-wp.php(783): WP->query_posts()
#7 /Users/husseinsmac/Local Sites/fictional-university/app/public/wp-includes/functions.php(1334): WP->main('')
#8 /Users/husseinsmac/Local Sites/fictional-university/app/public/wp-blog-header.php(16): wp()
#9 /Users/husseinsmac/Local Sites/fictional-university/app/public/index.php(17): require('/Users/husseins...')
#10 {main}
  thrown in /Users/husseinsmac/Local Sites/fictional-university/app/public/wp-content/themes/fictional-university-theme/functions.php on line 68
[24-May-2023 18:18:20 UTC] PHP Fatal error:  Uncaught Error: Undefined constant "kdskdkdkkdkdkdd" in /Users/husseinsmac/Local Sites/fictional-university/app/public/wp-content/themes/fictional-university-theme/inc/search-route.php:14
Stack trace:
#0 /Users/husseinsmac/Local Sites/fictional-university/app/public/wp-includes/rest-api/class-wp-rest-server.php(1181): universitySearchResults(Object(WP_REST_Request))
#1 /Users/husseinsmac/Local Sites/fictional-university/app/public/wp-includes/rest-api/class-wp-rest-server.php(1028): WP_REST_Server->respond_to_request(Object(WP_REST_Request), '/university/v1/...', Array, NULL)
#2 /Users/husseinsmac/Local Sites/fictional-university/app/public/wp-includes/rest-api/class-wp-rest-server.php(442): WP_REST_Server->dispatch(Object(WP_REST_Request))
#3 /Users/husseinsmac/Local Sites/fictional-university/app/public/wp-includes/rest-api.php(410): WP_REST_Server->serve_request('/university/v1/...')
#4 /Users/husseinsmac/Local Sites/fictional-university/app/public/wp-includes/class-wp-hook.php(308): rest_api_loaded(Object(WP))
#5 /Users/husseinsmac/Local Sites/fictional-university/app/public/wp-includes/class-wp-hook.php(332): WP_Hook->apply_filters('', Array)
#6 /Users/husseinsmac/Local Sites/fictional-university/app/public/wp-includes/plugin.php(565): WP_Hook->do_action(Array)
#7 /Users/husseinsmac/Local Sites/fictional-university/app/public/wp-includes/class-wp.php(399): do_action_ref_array('parse_request', Array)
#8 /Users/husseinsmac/Local Sites/fictional-university/app/public/wp-includes/class-wp.php(780): WP->parse_request('')
#9 /Users/husseinsmac/Local Sites/fictional-university/app/public/wp-includes/functions.php(1334): WP->main('')
#10 /Users/husseinsmac/Local Sites/fictional-university/app/public/wp-blog-header.php(16): wp()
#11 /Users/husseinsmac/Local Sites/fictional-university/app/public/index.php(17): require('/Users/husseins...')
#12 {main}
  thrown in /Users/husseinsmac/Local Sites/fictional-university/app/public/wp-content/themes/fictional-university-theme/inc/search-route.php on line 14
[24-May-2023 19:21:09 UTC] PHP Fatal error:  Uncaught Error: Call to undefined function is_main_querry() in /Users/husseinsmac/Local Sites/fictional-university/app/public/wp-content/themes/fictional-university-theme/functions.php:92
Stack trace:
#0 /Users/husseinsmac/Local Sites/fictional-university/app/public/wp-includes/class-wp-hook.php(308): university_adjust_queries(Object(WP_Query))
#1 /Users/husseinsmac/Local Sites/fictional-university/app/public/wp-includes/class-wp-hook.php(332): WP_Hook->apply_filters('', Array)
#2 /Users/husseinsmac/Local Sites/fictional-university/app/public/wp-includes/plugin.php(565): WP_Hook->do_action(Array)
#3 /Users/husseinsmac/Local Sites/fictional-university/app/public/wp-includes/class-wp-query.php(1870): do_action_ref_array('pre_get_posts', Array)
#4 /Users/husseinsmac/Local Sites/fictional-university/app/public/wp-includes/class-wp-query.php(3787): WP_Query->get_posts()
#5 /Users/husseinsmac/Local Sites/fictional-university/app/public/wp-includes/class-wp.php(663): WP_Query->query(Array)
#6 /Users/husseinsmac/Local Sites/fictional-university/app/public/wp-includes/class-wp.php(783): WP->query_posts()
#7 /Users/husseinsmac/Local Sites/fictional-university/app/public/wp-includes/functions.php(1334): WP->main('')
#8 /Users/husseinsmac/Local Sites/fictional-university/app/public/wp-blog-header.php(16): wp()
#9 /Users/husseinsmac/Local Sites/fictional-university/app/public/index.php(17): require('/Users/husseins...')
#10 {main}
  thrown in /Users/husseinsmac/Local Sites/fictional-university/app/public/wp-content/themes/fictional-university-theme/functions.php on line 92
[24-May-2023 19:22:52 UTC] PHP Fatal error:  Uncaught Error: Call to undefined function is_main_querry() in /Users/husseinsmac/Local Sites/fictional-university/app/public/wp-content/themes/fictional-university-theme/functions.php:92
Stack trace:
#0 /Users/husseinsmac/Local Sites/fictional-university/app/public/wp-includes/class-wp-hook.php(308): university_adjust_queries(Object(WP_Query))
#1 /Users/husseinsmac/Local Sites/fictional-university/app/public/wp-includes/class-wp-hook.php(332): WP_Hook->apply_filters('', Array)
#2 /Users/husseinsmac/Local Sites/fictional-university/app/public/wp-includes/plugin.php(565): WP_Hook->do_action(Array)
#3 /Users/husseinsmac/Local Sites/fictional-university/app/public/wp-includes/class-wp-query.php(1870): do_action_ref_array('pre_get_posts', Array)
#4 /Users/husseinsmac/Local Sites/fictional-university/app/public/wp-includes/class-wp-query.php(3787): WP_Query->get_posts()
#5 /Users/husseinsmac/Local Sites/fictional-university/app/public/wp-includes/class-wp.php(663): WP_Query->query(Array)
#6 /Users/husseinsmac/Local Sites/fictional-university/app/public/wp-includes/class-wp.php(783): WP->query_posts()
#7 /Users/husseinsmac/Local Sites/fictional-university/app/public/wp-includes/functions.php(1334): WP->main('')
#8 /Users/husseinsmac/Local Sites/fictional-university/app/public/wp-blog-header.php(16): wp()
#9 /Users/husseinsmac/Local Sites/fictional-university/app/public/index.php(17): require('/Users/husseins...')
#10 {main}
  thrown in /Users/husseinsmac/Local Sites/fictional-university/app/public/wp-content/themes/fictional-university-theme/functions.php on line 92
[24-May-2023 19:23:03 UTC] PHP Fatal error:  Uncaught Error: Call to undefined function is_main_querry() in /Users/husseinsmac/Local Sites/fictional-university/app/public/wp-content/themes/fictional-university-theme/functions.php:92
Stack trace:
#0 /Users/husseinsmac/Local Sites/fictional-university/app/public/wp-includes/class-wp-hook.php(308): university_adjust_queries(Object(WP_Query))
#1 /Users/husseinsmac/Local Sites/fictional-university/app/public/wp-includes/class-wp-hook.php(332): WP_Hook->apply_filters('', Array)
#2 /Users/husseinsmac/Local Sites/fictional-university/app/public/wp-includes/plugin.php(565): WP_Hook->do_action(Array)
#3 /Users/husseinsmac/Local Sites/fictional-university/app/public/wp-includes/class-wp-query.php(1870): do_action_ref_array('pre_get_posts', Array)
#4 /Users/husseinsmac/Local Sites/fictional-university/app/public/wp-includes/class-wp-query.php(3787): WP_Query->get_posts()
#5 /Users/husseinsmac/Local Sites/fictional-university/app/public/wp-includes/class-wp.php(663): WP_Query->query(Array)
#6 /Users/husseinsmac/Local Sites/fictional-university/app/public/wp-includes/class-wp.php(783): WP->query_posts()
#7 /Users/husseinsmac/Local Sites/fictional-university/app/public/wp-includes/functions.php(1334): WP->main('')
#8 /Users/husseinsmac/Local Sites/fictional-university/app/public/wp-blog-header.php(16): wp()
#9 /Users/husseinsmac/Local Sites/fictional-university/app/public/index.php(17): require('/Users/husseins...')
#10 {main}
  thrown in /Users/husseinsmac/Local Sites/fictional-university/app/public/wp-content/themes/fictional-university-theme/functions.php on line 92
[24-May-2023 22:13:15 UTC] PHP Parse error:  syntax error, unexpected token ";", expecting ")" in /Users/husseinsmac/Local Sites/fictional-university/app/public/wp-content/themes/fictional-university-theme/inc/search-route.php on line 50
[24-May-2023 22:13:15 UTC] PHP Warning:  Trying to access array offset on value of type bool in /Users/husseinsmac/Local Sites/fictional-university/app/public/wp-includes/class-wp-recovery-mode-email-service.php on line 367
[24-May-2023 22:13:15 UTC] PHP Warning:  Trying to access array offset on value of type bool in /Users/husseinsmac/Local Sites/fictional-university/app/public/wp-includes/class-wp-recovery-mode-email-service.php on line 368
[24-May-2023 22:14:59 UTC] PHP Warning:  Undefined array key "id"" in /Users/husseinsmac/Local Sites/fictional-university/app/public/wp-content/themes/fictional-university-theme/inc/search-route.php on line 79
[27-May-2023 17:44:41 UTC] PHP Fatal error:  Uncaught Error: Call to undefined function alert() in /Users/husseinsmac/Local Sites/fictional-university/app/public/wp-content/themes/fictional-university-theme/search.php:14
Stack trace:
#0 /Users/husseinsmac/Local Sites/fictional-university/app/public/wp-includes/template-loader.php(106): include()
#1 /Users/husseinsmac/Local Sites/fictional-university/app/public/wp-blog-header.php(19): require_once('/Users/husseins...')
#2 /Users/husseinsmac/Local Sites/fictional-university/app/public/index.php(17): require('/Users/husseins...')
#3 {main}
  thrown in /Users/husseinsmac/Local Sites/fictional-university/app/public/wp-content/themes/fictional-university-theme/search.php on line 14
[27-May-2023 17:45:13 UTC] PHP Fatal error:  Uncaught Error: Undefined constant "console" in /Users/husseinsmac/Local Sites/fictional-university/app/public/wp-content/themes/fictional-university-theme/search.php:14
Stack trace:
#0 /Users/husseinsmac/Local Sites/fictional-university/app/public/wp-includes/template-loader.php(106): include()
#1 /Users/husseinsmac/Local Sites/fictional-university/app/public/wp-blog-header.php(19): require_once('/Users/husseins...')
#2 /Users/husseinsmac/Local Sites/fictional-university/app/public/index.php(17): require('/Users/husseins...')
#3 {main}
  thrown in /Users/husseinsmac/Local Sites/fictional-university/app/public/wp-content/themes/fictional-university-theme/search.php on line 14
[27-May-2023 18:13:07 UTC] PHP Parse error:  syntax error, unexpected token "}", expecting "," or ";" in /Users/husseinsmac/Local Sites/fictional-university/app/public/wp-content/themes/fictional-university-theme/search.php on line 28
[27-May-2023 18:43:19 UTC] PHP Fatal error:  Uncaught Error: Call to undefined function exc_url() in /Users/husseinsmac/Local Sites/fictional-university/app/public/wp-content/themes/fictional-university-theme/header.php:38
Stack trace:
#0 /Users/husseinsmac/Local Sites/fictional-university/app/public/wp-includes/template.php(783): require_once()
#1 /Users/husseinsmac/Local Sites/fictional-university/app/public/wp-includes/template.php(718): load_template('/Users/husseins...', true, Array)
#2 /Users/husseinsmac/Local Sites/fictional-university/app/public/wp-includes/general-template.php(48): locate_template(Array, true, true, Array)
#3 /Users/husseinsmac/Local Sites/fictional-university/app/public/wp-content/themes/fictional-university-theme/front-page.php(1): get_header()
#4 /Users/husseinsmac/Local Sites/fictional-university/app/public/wp-includes/template-loader.php(106): include('/Users/husseins...')
#5 /Users/husseinsmac/Local Sites/fictional-university/app/public/wp-blog-header.php(19): require_once('/Users/husseins...')
#6 /Users/husseinsmac/Local Sites/fictional-university/app/public/index.php(17): require('/Users/husseins...')
#7 {main}
  thrown in /Users/husseinsmac/Local Sites/fictional-university/app/public/wp-content/themes/fictional-university-theme/header.php on line 38
[27-May-2023 18:43:20 UTC] PHP Fatal error:  Uncaught Error: Call to undefined function exc_url() in /Users/husseinsmac/Local Sites/fictional-university/app/public/wp-content/themes/fictional-university-theme/header.php:38
Stack trace:
#0 /Users/husseinsmac/Local Sites/fictional-university/app/public/wp-includes/template.php(783): require_once()
#1 /Users/husseinsmac/Local Sites/fictional-university/app/public/wp-includes/template.php(718): load_template('/Users/husseins...', true, Array)
#2 /Users/husseinsmac/Local Sites/fictional-university/app/public/wp-includes/general-template.php(48): locate_template(Array, true, true, Array)
#3 /Users/husseinsmac/Local Sites/fictional-university/app/public/wp-content/themes/fictional-university-theme/front-page.php(1): get_header()
#4 /Users/husseinsmac/Local Sites/fictional-university/app/public/wp-includes/template-loader.php(106): include('/Users/husseins...')
#5 /Users/husseinsmac/Local Sites/fictional-university/app/public/wp-blog-header.php(19): require_once('/Users/husseins...')
#6 /Users/husseinsmac/Local Sites/fictional-university/app/public/index.php(17): require('/Users/husseins...')
#7 {main}
  thrown in /Users/husseinsmac/Local Sites/fictional-university/app/public/wp-content/themes/fictional-university-theme/header.php on line 38
[27-May-2023 18:43:24 UTC] PHP Fatal error:  Uncaught Error: Call to undefined function exc_url() in /Users/husseinsmac/Local Sites/fictional-university/app/public/wp-content/themes/fictional-university-theme/header.php:38
Stack trace:
#0 /Users/husseinsmac/Local Sites/fictional-university/app/public/wp-includes/template.php(783): require_once()
#1 /Users/husseinsmac/Local Sites/fictional-university/app/public/wp-includes/template.php(718): load_template('/Users/husseins...', true, Array)
#2 /Users/husseinsmac/Local Sites/fictional-university/app/public/wp-includes/general-template.php(48): locate_template(Array, true, true, Array)
#3 /Users/husseinsmac/Local Sites/fictional-university/app/public/wp-content/themes/fictional-university-theme/front-page.php(1): get_header()
#4 /Users/husseinsmac/Local Sites/fictional-university/app/public/wp-includes/template-loader.php(106): include('/Users/husseins...')
#5 /Users/husseinsmac/Local Sites/fictional-university/app/public/wp-blog-header.php(19): require_once('/Users/husseins...')
#6 /Users/husseinsmac/Local Sites/fictional-university/app/public/index.php(17): require('/Users/husseins...')
#7 {main}
  thrown in /Users/husseinsmac/Local Sites/fictional-university/app/public/wp-content/themes/fictional-university-theme/header.php on line 38
[27-May-2023 18:43:28 UTC] PHP Fatal error:  Uncaught Error: Call to undefined function exc_url() in /Users/husseinsmac/Local Sites/fictional-university/app/public/wp-content/themes/fictional-university-theme/header.php:38
Stack trace:
#0 /Users/husseinsmac/Local Sites/fictional-university/app/public/wp-includes/template.php(783): require_once()
#1 /Users/husseinsmac/Local Sites/fictional-university/app/public/wp-includes/template.php(718): load_template('/Users/husseins...', true, Array)
#2 /Users/husseinsmac/Local Sites/fictional-university/app/public/wp-includes/general-template.php(48): locate_template(Array, true, true, Array)
#3 /Users/husseinsmac/Local Sites/fictional-university/app/public/wp-content/themes/fictional-university-theme/front-page.php(1): get_header()
#4 /Users/husseinsmac/Local Sites/fictional-university/app/public/wp-includes/template-loader.php(106): include('/Users/husseins...')
#5 /Users/husseinsmac/Local Sites/fictional-university/app/public/wp-blog-header.php(19): require_once('/Users/husseins...')
#6 /Users/husseinsmac/Local Sites/fictional-university/app/public/index.php(17): require('/Users/husseins...')
#7 {main}
  thrown in /Users/husseinsmac/Local Sites/fictional-university/app/public/wp-content/themes/fictional-university-theme/header.php on line 38
[27-May-2023 18:43:31 UTC] PHP Fatal error:  Uncaught Error: Call to undefined function exc_url() in /Users/husseinsmac/Local Sites/fictional-university/app/public/wp-content/themes/fictional-university-theme/header.php:38
Stack trace:
#0 /Users/husseinsmac/Local Sites/fictional-university/app/public/wp-includes/template.php(783): require_once()
#1 /Users/husseinsmac/Local Sites/fictional-university/app/public/wp-includes/template.php(718): load_template('/Users/husseins...', true, Array)
#2 /Users/husseinsmac/Local Sites/fictional-university/app/public/wp-includes/general-template.php(48): locate_template(Array, true, true, Array)
#3 /Users/husseinsmac/Local Sites/fictional-university/app/public/wp-content/themes/fictional-university-theme/front-page.php(1): get_header()
#4 /Users/husseinsmac/Local Sites/fictional-university/app/public/wp-includes/template-loader.php(106): include('/Users/husseins...')
#5 /Users/husseinsmac/Local Sites/fictional-university/app/public/wp-blog-header.php(19): require_once('/Users/husseins...')
#6 /Users/husseinsmac/Local Sites/fictional-university/app/public/index.php(17): require('/Users/husseins...')
#7 {main}
  thrown in /Users/husseinsmac/Local Sites/fictional-university/app/public/wp-content/themes/fictional-university-theme/header.php on line 38
[27-May-2023 18:43:34 UTC] PHP Fatal error:  Uncaught Error: Call to undefined function exc_url() in /Users/husseinsmac/Local Sites/fictional-university/app/public/wp-content/themes/fictional-university-theme/header.php:38
Stack trace:
#0 /Users/husseinsmac/Local Sites/fictional-university/app/public/wp-includes/template.php(783): require_once()
#1 /Users/husseinsmac/Local Sites/fictional-university/app/public/wp-includes/template.php(718): load_template('/Users/husseins...', true, Array)
#2 /Users/husseinsmac/Local Sites/fictional-university/app/public/wp-includes/general-template.php(48): locate_template(Array, true, true, Array)
#3 /Users/husseinsmac/Local Sites/fictional-university/app/public/wp-content/themes/fictional-university-theme/front-page.php(1): get_header()
#4 /Users/husseinsmac/Local Sites/fictional-university/app/public/wp-includes/template-loader.php(106): include('/Users/husseins...')
#5 /Users/husseinsmac/Local Sites/fictional-university/app/public/wp-blog-header.php(19): require_once('/Users/husseins...')
#6 /Users/husseinsmac/Local Sites/fictional-university/app/public/index.php(17): require('/Users/husseins...')
#7 {main}
  thrown in /Users/husseinsmac/Local Sites/fictional-university/app/public/wp-content/themes/fictional-university-theme/header.php on line 38
[27-May-2023 18:43:44 UTC] PHP Fatal error:  Uncaught Error: Call to undefined function exc_url() in /Users/husseinsmac/Local Sites/fictional-university/app/public/wp-content/themes/fictional-university-theme/header.php:38
Stack trace:
#0 /Users/husseinsmac/Local Sites/fictional-university/app/public/wp-includes/template.php(783): require_once()
#1 /Users/husseinsmac/Local Sites/fictional-university/app/public/wp-includes/template.php(718): load_template('/Users/husseins...', true, Array)
#2 /Users/husseinsmac/Local Sites/fictional-university/app/public/wp-includes/general-template.php(48): locate_template(Array, true, true, Array)
#3 /Users/husseinsmac/Local Sites/fictional-university/app/public/wp-content/themes/fictional-university-theme/front-page.php(1): get_header()
#4 /Users/husseinsmac/Local Sites/fictional-university/app/public/wp-includes/template-loader.php(106): include('/Users/husseins...')
#5 /Users/husseinsmac/Local Sites/fictional-university/app/public/wp-blog-header.php(19): require_once('/Users/husseins...')
#6 /Users/husseinsmac/Local Sites/fictional-university/app/public/index.php(17): require('/Users/husseins...')
#7 {main}
  thrown in /Users/husseinsmac/Local Sites/fictional-university/app/public/wp-content/themes/fictional-university-theme/header.php on line 38
[27-May-2023 18:53:15 UTC] PHP Fatal error:  Uncaught Error: Call to undefined function wp_logour_url() in /Users/husseinsmac/Local Sites/fictional-university/app/public/wp-content/themes/fictional-university-theme/header.php:39
Stack trace:
#0 /Users/husseinsmac/Local Sites/fictional-university/app/public/wp-includes/template.php(783): require_once()
#1 /Users/husseinsmac/Local Sites/fictional-university/app/public/wp-includes/template.php(718): load_template('/Users/husseins...', true, Array)
#2 /Users/husseinsmac/Local Sites/fictional-university/app/public/wp-includes/general-template.php(48): locate_template(Array, true, true, Array)
#3 /Users/husseinsmac/Local Sites/fictional-university/app/public/wp-content/themes/fictional-university-theme/front-page.php(1): get_header()
#4 /Users/husseinsmac/Local Sites/fictional-university/app/public/wp-includes/template-loader.php(106): include('/Users/husseins...')
#5 /Users/husseinsmac/Local Sites/fictional-university/app/public/wp-blog-header.php(19): require_once('/Users/husseins...')
#6 /Users/husseinsmac/Local Sites/fictional-university/app/public/index.php(17): require('/Users/husseins...')
#7 {main}
  thrown in /Users/husseinsmac/Local Sites/fictional-university/app/public/wp-content/themes/fictional-university-theme/header.php on line 39
[28-May-2023 17:52:23 UTC] PHP Fatal error:  Uncaught Error: Call to undefined function site_urrl() in /Users/husseinsmac/Local Sites/fictional-university/app/public/wp-content/themes/fictional-university-theme/page-my-notes.php:4
Stack trace:
#0 /Users/husseinsmac/Local Sites/fictional-university/app/public/wp-includes/template-loader.php(106): include()
#1 /Users/husseinsmac/Local Sites/fictional-university/app/public/wp-blog-header.php(19): require_once('/Users/husseins...')
#2 /Users/husseinsmac/Local Sites/fictional-university/app/public/index.php(17): require('/Users/husseins...')
#3 {main}
  thrown in /Users/husseinsmac/Local Sites/fictional-university/app/public/wp-content/themes/fictional-university-theme/page-my-notes.php on line 4
